2025-09-21 17:48:50,767 - INFO - PROFESSIONAL CREDIT RISK & FRAUD DETECTION SYSTEM STARTED
2025-09-21 17:48:50,767 - INFO - Creating sample legitimate analysis...
2025-09-21 17:48:50,769 - INFO - Engineering legitimate financial features...
2025-09-21 17:48:50,771 - WARNING - Income data unavailable; loan_to_income_ratio set to NaN
2025-09-21 17:48:50,774 - INFO - Legitimate features created successfully
2025-09-21 17:48:50,774 - INFO - Training risk assessment model...
2025-09-21 17:48:56,397 - INFO - Risk Model Performance (Best Parameters: {'max_depth': 5, 'min_samples_split': 10, 'n_estimators': 100}):
2025-09-21 17:48:56,397 - INFO - Training Accuracy: 0.729
2025-09-21 17:48:56,397 - INFO - Testing Accuracy: 0.727
2025-09-21 17:48:56,397 - INFO - 
Detailed Classification Report:
2025-09-21 17:48:56,400 - INFO -               precision    recall  f1-score   support

 Good Credit       0.73      1.00      0.84       218
  Bad Credit       0.00      0.00      0.00        82

    accuracy                           0.73       300
   macro avg       0.36      0.50      0.42       300
weighted avg       0.53      0.73      0.61       300

2025-09-21 17:48:56,405 - INFO - 
Top Risk Factors:
2025-09-21 17:48:56,405 - INFO - LoanAmount: 0.313
2025-09-21 17:48:56,405 - INFO - credit_history_score: 0.086
2025-09-21 17:48:56,405 - INFO - LoanDuration: 0.085
2025-09-21 17:48:56,405 - INFO - existing_credits_burden: 0.082
2025-09-21 17:48:56,405 - INFO - employment_stability_score: 0.081
2025-09-21 17:48:56,405 - INFO - Running fraud detection analysis...
2025-09-21 17:48:56,493 - INFO - Detected 160 potential fraud cases (16.0%)
2025-09-21 17:48:56,493 - INFO - Estimated contamination rate: 0.160
2025-09-21 17:48:56,493 - INFO - Creating dashboard visualizations...
2025-09-21 17:48:56,545 - ERROR - Error in creating visualizations: Trace type 'pie' is not compatible with subplot type 'xy'
at grid position (3, 1)

See the docstring for the specs argument to plotly.subplots.make_subplots
for more information on subplot types
2025-09-21 17:48:56,811 - INFO - Generating professional risk report...
2025-09-21 17:48:56,814 - INFO - Analysis Complete!
2025-09-21 17:48:56,814 - INFO - Professional Tip: Always validate models with out-of-sample data and monitor for model drift and bias.
